<?xml version="1.0" encoding="UTF-8"?>
<!-- Generated by org.testng.reporters.JUnitReportReporter -->
<testsuite hostname="dell-inspiron-5559" failures="0" tests="3" name="PSSTestRunner.PSSTestRunner" time="5.987" errors="0" timestamp="30 Sep 2022 19:19:36 GMT" skipped="0">
  <testcase classname="PSSTestRunner.PSSTestRunner" name="ClickOnToogleMenu" time="2.046"/>
  <testcase classname="PSSTestRunner.PSSTestRunner" name="LogInToThePSSAdmin" time="3.083"/>
  <testcase classname="PSSTestRunner.PSSTestRunner" name="ClickOnRole" time="0.858"/>
</testsuite> <!-- PSSTestRunner.PSSTestRunner -->
