<?xml version="1.0" encoding="UTF-8"?>
<!-- Generated by org.testng.reporters.JUnitReportReporter -->
<testsuite hostname="dell-inspiron-5559" failures="0" tests="3" name="PSSTestRunner.PSSTestRunner" time="4.890" errors="0" timestamp="28 Sep 2022 20:46:11 GMT" skipped="0">
  <testcase classname="PSSTestRunner.PSSTestRunner" name="LogInToThePSSAdmin" time="2.619"/>
  <testcase classname="PSSTestRunner.PSSTestRunner" name="ClickOnToogleMenu" time="1.322"/>
  <testcase classname="PSSTestRunner.PSSTestRunner" name="ClickOnRole" time="0.949"/>
</testsuite> <!-- PSSTestRunner.PSSTestRunner -->
