<?xml version="1.0" encoding="UTF-8"?>
<!-- Generated by org.testng.reporters.JUnitReportReporter -->
<testsuite hostname="dell-inspiron-5559" failures="0" tests="1" name="PSSTestRunner.PSSTestRunner" time="3.979" errors="0" timestamp="05 Nov 2022 06:10:48 GMT" skipped="0">
  <testcase classname="PSSTestRunner.PSSTestRunner" name="logInToThePSSAdmin" time="3.979"/>
</testsuite> <!-- PSSTestRunner.PSSTestRunner -->
