<?xml version="1.0" encoding="UTF-8"?>
<!-- Generated by org.testng.reporters.JUnitReportReporter -->
<testsuite hostname="dell-inspiron-5559" failures="0" tests="12" name="PSSTestRunner.PSSTestRunner" time="108.598" errors="0" timestamp="11 Nov 2022 20:26:44 GMT" skipped="0">
  <testcase classname="PSSTestRunner.PSSTestRunner" name="searchForStation" time="9.609"/>
  <testcase classname="PSSTestRunner.PSSTestRunner" name="searchForCity" time="10.858"/>
  <testcase classname="PSSTestRunner.PSSTestRunner" name="searchForAirports" time="10.836"/>
  <testcase classname="PSSTestRunner.PSSTestRunner" name="addAirports" time="9.468"/>
  <testcase classname="PSSTestRunner.PSSTestRunner" name="searchForSalesTerritory" time="9.834"/>
  <testcase classname="PSSTestRunner.PSSTestRunner" name="searchForAirportsDST" time="8.103"/>
  <testcase classname="PSSTestRunner.PSSTestRunner" name="logInToThePSSAdmin" time="3.454"/>
  <testcase classname="PSSTestRunner.PSSTestRunner" name="searchForCountry" time="9.320"/>
  <testcase classname="PSSTestRunner.PSSTestRunner" name="searchForNationality" time="9.486"/>
  <testcase classname="PSSTestRunner.PSSTestRunner" name="searchForRoles" time="9.985"/>
  <testcase classname="PSSTestRunner.PSSTestRunner" name="searchForFunctionalUsage" time="9.971"/>
  <testcase classname="PSSTestRunner.PSSTestRunner" name="addAirportsDST" time="7.674"/>
</testsuite> <!-- PSSTestRunner.PSSTestRunner -->
