<?xml version="1.0" encoding="UTF-8"?>
<!-- Generated by org.testng.reporters.JUnitReportReporter -->
<testsuite hostname="dell-inspiron-5559" failures="0" tests="12" name="PSSTestRunner.PSSTestRunner" time="113.780" errors="0" timestamp="11 Nov 2022 20:13:44 GMT" skipped="0">
  <testcase classname="PSSTestRunner.PSSTestRunner" name="searchForAirportsDST" time="7.279"/>
  <testcase classname="PSSTestRunner.PSSTestRunner" name="addAirportsDST" time="7.602"/>
  <testcase classname="PSSTestRunner.PSSTestRunner" name="searchForNationality" time="9.998"/>
  <testcase classname="PSSTestRunner.PSSTestRunner" name="searchForFunctionalUsage" time="11.093"/>
  <testcase classname="PSSTestRunner.PSSTestRunner" name="searchForAirports" time="10.877"/>
  <testcase classname="PSSTestRunner.PSSTestRunner" name="searchForCity" time="10.550"/>
  <testcase classname="PSSTestRunner.PSSTestRunner" name="searchForRoles" time="10.803"/>
  <testcase classname="PSSTestRunner.PSSTestRunner" name="logInToThePSSAdmin" time="2.929"/>
  <testcase classname="PSSTestRunner.PSSTestRunner" name="addAirports" time="10.162"/>
  <testcase classname="PSSTestRunner.PSSTestRunner" name="searchForCountry" time="12.574"/>
  <testcase classname="PSSTestRunner.PSSTestRunner" name="searchForSalesTerritory" time="9.553"/>
  <testcase classname="PSSTestRunner.PSSTestRunner" name="searchForStation" time="10.360"/>
</testsuite> <!-- PSSTestRunner.PSSTestRunner -->
