<?xml version="1.0" encoding="UTF-8"?>
<!-- Generated by org.testng.reporters.JUnitReportReporter -->
<testsuite hostname="dell-inspiron-5559" failures="0" tests="3" name="PSSTestRunner.PSSTestRunner" time="4.608" errors="0" timestamp="28 Sep 2022 20:09:44 GMT" skipped="0">
  <testcase classname="PSSTestRunner.PSSTestRunner" name="ClickOnToogleMenu" time="1.009"/>
  <testcase classname="PSSTestRunner.PSSTestRunner" name="LogInToThePSSAdmin" time="2.720"/>
  <testcase classname="PSSTestRunner.PSSTestRunner" name="ClickOnRole" time="0.879"/>
</testsuite> <!-- PSSTestRunner.PSSTestRunner -->
