<?xml version="1.0" encoding="UTF-8"?>
<!-- Generated by org.testng.reporters.JUnitReportReporter -->
<testsuite hostname="dell-inspiron-5559" failures="0" tests="12" name="PSSTestRunner.PSSTestRunner" time="275.086" errors="0" timestamp="11 Nov 2022 20:08:18 GMT" skipped="0">
  <testcase classname="PSSTestRunner.PSSTestRunner" name="searchForStation" time="9.922"/>
  <testcase classname="PSSTestRunner.PSSTestRunner" name="searchForAirports" time="24.693"/>
  <testcase classname="PSSTestRunner.PSSTestRunner" name="searchForAirportsDST" time="8.076"/>
  <testcase classname="PSSTestRunner.PSSTestRunner" name="searchForCity" time="8.580"/>
  <testcase classname="PSSTestRunner.PSSTestRunner" name="searchForSalesTerritory" time="21.174"/>
  <testcase classname="PSSTestRunner.PSSTestRunner" name="searchForCountry" time="10.700"/>
  <testcase classname="PSSTestRunner.PSSTestRunner" name="addAirportsDST" time="6.558"/>
  <testcase classname="PSSTestRunner.PSSTestRunner" name="addAirports" time="16.037"/>
  <testcase classname="PSSTestRunner.PSSTestRunner" name="searchForRoles" time="92.186"/>
  <testcase classname="PSSTestRunner.PSSTestRunner" name="searchForFunctionalUsage" time="35.684"/>
  <testcase classname="PSSTestRunner.PSSTestRunner" name="logInToThePSSAdmin" time="21.491"/>
  <testcase classname="PSSTestRunner.PSSTestRunner" name="searchForNationality" time="19.985"/>
</testsuite> <!-- PSSTestRunner.PSSTestRunner -->
