<?xml version="1.0" encoding="UTF-8"?>
<!-- Generated by org.testng.reporters.JUnitReportReporter -->
<testsuite hostname="dell-inspiron-5559" failures="0" tests="3" name="PSSTestRunner.PSSTestRunner" time="4.795" errors="0" timestamp="28 Sep 2022 20:21:14 GMT" skipped="0">
  <testcase classname="PSSTestRunner.PSSTestRunner" name="LogInToThePSSAdmin" time="2.731"/>
  <testcase classname="PSSTestRunner.PSSTestRunner" name="ClickOnToogleMenu" time="1.242"/>
  <testcase classname="PSSTestRunner.PSSTestRunner" name="ClickOnRole" time="0.822"/>
</testsuite> <!-- PSSTestRunner.PSSTestRunner -->
