<?xml version="1.0" encoding="UTF-8"?>
<!-- Generated by org.testng.reporters.JUnitReportReporter -->
<testsuite hostname="dell-inspiron-5559" failures="0" tests="3" name="PSSTestRunner.PSSTestRunner" time="36.968" errors="0" timestamp="21 Oct 2022 17:04:56 GMT" skipped="0">
  <testcase classname="PSSTestRunner.PSSTestRunner" name="SearchForFunctionalUsage" time="10.812"/>
  <testcase classname="PSSTestRunner.PSSTestRunner" name="SearchForRoles" time="22.881"/>
  <testcase classname="PSSTestRunner.PSSTestRunner" name="LogInToThePSSAdmin" time="3.275"/>
</testsuite> <!-- PSSTestRunner.PSSTestRunner -->
