<?xml version="1.0" encoding="UTF-8"?>
<!-- Generated by org.testng.reporters.JUnitReportReporter -->
<testsuite hostname="dell-inspiron-5559" failures="0" tests="3" name="PSSTestRunner.PSSTestRunner" time="4.990" errors="0" timestamp="29 Sep 2022 05:30:31 GMT" skipped="0">
  <testcase classname="PSSTestRunner.PSSTestRunner" name="LogInToThePSSAdmin" time="3.008"/>
  <testcase classname="PSSTestRunner.PSSTestRunner" name="ClickOnToogleMenu" time="1.390"/>
  <testcase classname="PSSTestRunner.PSSTestRunner" name="ClickOnRole" time="0.592"/>
</testsuite> <!-- PSSTestRunner.PSSTestRunner -->
