<?xml version="1.0" encoding="UTF-8"?>
<!-- Generated by org.testng.reporters.JUnitReportReporter -->
<testsuite hostname="dell-inspiron-5559" failures="0" tests="8" name="PSSTestRunner.PSSTestRunner" time="120.886" errors="0" timestamp="21 Oct 2022 20:42:18 GMT" skipped="0">
  <testcase classname="PSSTestRunner.PSSTestRunner" name="searchForCity" time="18.584"/>
  <testcase classname="PSSTestRunner.PSSTestRunner" name="searchForAirportsDST" time="11.130"/>
  <testcase classname="PSSTestRunner.PSSTestRunner" name="searchForRoles" time="18.740"/>
  <testcase classname="PSSTestRunner.PSSTestRunner" name="searchForFunctionalUsage" time="20.251"/>
  <testcase classname="PSSTestRunner.PSSTestRunner" name="addAirports" time="20.264"/>
  <testcase classname="PSSTestRunner.PSSTestRunner" name="logInToThePSSAdmin" time="3.998"/>
  <testcase classname="PSSTestRunner.PSSTestRunner" name="searchForAirports" time="20.379"/>
  <testcase classname="PSSTestRunner.PSSTestRunner" name="addAirportsDST" time="7.540"/>
</testsuite> <!-- PSSTestRunner.PSSTestRunner -->
